<?xml version="1.0" encoding="UTF-8"?>
<testsuite name="com.phg.minitron.com.phg.minitron.controller.MessageControllerSpec" tests="3" skipped="2" failures="0" errors="0" timestamp="2017-03-02T14:31:55" hostname="Miles-2015-Mac-Book-Pro.local" time="12.942">
  <properties/>
  <testcase name="I can hit the message controller health endpoint" classname="com.phg.minitron.com.phg.minitron.controller.MessageControllerSpec" time="12.941"/>
  <testcase name="I can save a message." classname="com.phg.minitron.com.phg.minitron.controller.MessageControllerSpec" time="0.0">
    <skipped/>
  </testcase>
  <testcase name="I can get a message" classname="com.phg.minitron.com.phg.minitron.controller.MessageControllerSpec" time="0.0">
    <skipped/>
  </testcase>
  <system-out><![CDATA[08:31:55.012 [Test worker] DEBUG org.springframework.test.annotation.ProfileValueUtils - Retrieved @ProfileValueSourceConfiguration [null] for test class [com.phg.minitron.com.phg.minitron.controller.MessageControllerSpec]
08:31:55.016 [Test worker] DEBUG org.springframework.test.annotation.ProfileValueUtils - Retrieved ProfileValueSource type [class org.springframework.test.annotation.SystemProfileValueSource] for class [com.phg.minitron.com.phg.minitron.controller.MessageControllerSpec]
08:31:55.016 [Test worker] DEBUG org.springframework.test.annotation.ProfileValueUtils - Retrieved @ProfileValueSourceConfiguration [null] for test class [com.phg.minitron.com.phg.minitron.controller.MessageControllerSpec]
08:31:55.016 [Test worker] DEBUG org.springframework.test.annotation.ProfileValueUtils - Retrieved ProfileValueSource type [class org.springframework.test.annotation.SystemProfileValueSource] for class [com.phg.minitron.com.phg.minitron.controller.MessageControllerSpec]
08:31:55.020 [Test worker] DEBUG org.springframework.test.annotation.ProfileValueUtils - Retrieved @ProfileValueSourceConfiguration [null] for test class [com.phg.minitron.com.phg.minitron.controller.MessageControllerSpec]
08:31:55.020 [Test worker] DEBUG org.springframework.test.annotation.ProfileValueUtils - Retrieved ProfileValueSource type [class org.springframework.test.annotation.SystemProfileValueSource] for class [com.phg.minitron.com.phg.minitron.controller.MessageControllerSpec]
08:31:55.022 [Test worker] DEBUG org.springframework.test.annotation.ProfileValueUtils - Retrieved @ProfileValueSourceConfiguration [null] for test class [com.phg.minitron.com.phg.minitron.controller.MessageControllerSpec]
08:31:55.022 [Test worker] DEBUG org.springframework.test.annotation.ProfileValueUtils - Retrieved ProfileValueSource type [class org.springframework.test.annotation.SystemProfileValueSource] for class [com.phg.minitron.com.phg.minitron.controller.MessageControllerSpec]
08:31:55.026 [Test worker] DEBUG org.springframework.test.context.BootstrapUtils - Instantiating CacheAwareContextLoaderDelegate from class [org.springframework.test.context.cache.DefaultCacheAwareContextLoaderDelegate]
08:31:55.032 [Test worker] DEBUG org.springframework.test.context.BootstrapUtils - Instantiating BootstrapContext using constructor [public org.springframework.test.context.support.DefaultBootstrapContext(java.lang.Class,org.springframework.test.context.CacheAwareContextLoaderDelegate)]
08:31:55.039 [Test worker] DEBUG org.springframework.test.context.BootstrapUtils - Instantiating TestContextBootstrapper for test class [com.phg.minitron.com.phg.minitron.controller.MessageControllerSpec] from class [org.springframework.boot.test.context.SpringBootTestContextBootstrapper]
08:31:55.045 [Test worker] INFO org.springframework.boot.test.context.SpringBootTestContextBootstrapper - Neither @ContextConfiguration nor @ContextHierarchy found for test class [com.phg.minitron.com.phg.minitron.controller.MessageControllerSpec], using SpringBootContextLoader
08:31:55.048 [Test worker] DEBUG org.springframework.test.context.support.AbstractContextLoader - Did not detect default resource location for test class [com.phg.minitron.com.phg.minitron.controller.MessageControllerSpec]: class path resource [com/phg/minitron/com/phg/minitron/controller/MessageControllerSpec-context.xml] does not exist
08:31:55.049 [Test worker] DEBUG org.springframework.test.context.support.AbstractContextLoader - Did not detect default resource location for test class [com.phg.minitron.com.phg.minitron.controller.MessageControllerSpec]: class path resource [com/phg/minitron/com/phg/minitron/controller/MessageControllerSpecContext.groovy] does not exist
08:31:55.049 [Test worker] INFO org.springframework.test.context.support.AbstractContextLoader - Could not detect default resource locations for test class [com.phg.minitron.com.phg.minitron.controller.MessageControllerSpec]: no resource found for suffixes {-context.xml, Context.groovy}.
08:31:55.073 [Test worker] DEBUG org.springframework.test.context.support.ActiveProfilesUtils - Could not find an 'annotation declaring class' for annotation type [org.springframework.test.context.ActiveProfiles] and class [com.phg.minitron.com.phg.minitron.controller.MessageControllerSpec]
08:31:55.098 [Test worker] DEBUG org.springframework.boot.test.context.SpringBootTestContextBootstrapper - @TestExecutionListeners is not present for class [com.phg.minitron.com.phg.minitron.controller.MessageControllerSpec]: using defaults.
08:31:55.103 [Test worker] INFO org.springframework.boot.test.context.SpringBootTestContextBootstrapper - Loaded default TestExecutionListener class names from location [META-INF/spring.factories]: [org.springframework.boot.test.mock.mockito.MockitoTestExecutionListener, org.springframework.boot.test.mock.mockito.ResetMocksTestExecutionListener, org.springframework.boot.test.autoconfigure.restdocs.RestDocsTestExecutionListener, org.springframework.boot.test.autoconfigure.web.client.MockRestServiceServerResetTestExecutionListener, org.springframework.boot.test.autoconfigure.web.servlet.MockMvcPrintOnlyOnFailureTestExecutionListener, org.springframework.boot.test.autoconfigure.web.servlet.WebDriverTestExecutionListener, org.springframework.test.context.web.ServletTestExecutionListener, org.springframework.test.context.support.DirtiesContextBeforeModesTestExecutionListener, org.springframework.test.context.support.DependencyInjectionTestExecutionListener, org.springframework.test.context.support.DirtiesContextTestExecutionListener, org.springframework.test.context.transaction.TransactionalTestExecutionListener, org.springframework.test.context.jdbc.SqlScriptsTestExecutionListener]
08:31:55.111 [Test worker] INFO org.springframework.boot.test.context.SpringBootTestContextBootstrapper - Could not instantiate TestExecutionListener [org.springframework.test.context.jdbc.SqlScriptsTestExecutionListener]. Specify custom listener classes or make the default listener classes (and their required dependencies) available. Offending class: [org/springframework/transaction/interceptor/TransactionAttribute]
08:31:55.111 [Test worker] INFO org.springframework.boot.test.context.SpringBootTestContextBootstrapper - Could not instantiate TestExecutionListener [org.springframework.test.context.transaction.TransactionalTestExecutionListener]. Specify custom listener classes or make the default listener classes (and their required dependencies) available. Offending class: [org/springframework/transaction/interceptor/TransactionAttributeSource]
08:31:55.113 [Test worker] INFO org.springframework.boot.test.context.SpringBootTestContextBootstrapper - Using TestExecutionListeners: [org.springframework.test.context.web.ServletTestExecutionListener@398948ce, org.springframework.test.context.support.DirtiesContextBeforeModesTestExecutionListener@637294e0, org.springframework.boot.test.autoconfigure.SpringBootDependencyInjectionTestExecutionListener@58d7056b, org.springframework.test.context.support.DirtiesContextTestExecutionListener@673ff467, org.springframework.boot.test.autoconfigure.web.servlet.WebDriverTestExecutionListener@14830f76, org.springframework.boot.test.mock.mockito.MockitoTestExecutionListener@63a14c92, org.springframework.boot.test.autoconfigure.restdocs.RestDocsTestExecutionListener@33df1d0, org.springframework.boot.test.mock.mockito.ResetMocksTestExecutionListener@1b39b11c, org.springframework.boot.test.autoconfigure.web.client.MockRestServiceServerResetTestExecutionListener@17cdf5b2, org.springframework.boot.test.autoconfigure.web.servlet.MockMvcPrintOnlyOnFailureTestExecutionListener@7ee1ee05]
08:31:55.248 [Test worker] DEBUG org.springframework.test.context.support.AbstractDirtiesContextTestExecutionListener - Before test class: context [DefaultTestContext@29c3a958 testClass = MessageControllerSpec, testInstance = [null], testMethod = [null], testException = [null], mergedContextConfiguration = [WebMergedContextConfiguration@24b5c869 testClass = MessageControllerSpec, locations = '{}', classes = '{class com.phg.minitron.MinitronApplication, class com.phg.minitron.MinitronApplication}', contextInitializerClasses = '[]', activeProfiles = '{}', propertySourceLocations = '{}', propertySourceProperties = '{org.springframework.boot.test.context.SpringBootTestContextBootstrapper=true, server.port=0}', contextCustomizers = set[org.springframework.boot.test.context.SpringBootTestContextCustomizer@157b7edf, org.springframework.boot.test.context.filter.ExcludeFilterContextCustomizer@5bc20c5e, org.springframework.boot.test.mock.mockito.MockitoContextCustomizer@0, org.springframework.boot.test.autoconfigure.properties.PropertyMappingContextCustomizer@0, org.springframework.boot.test.autoconfigure.web.servlet.WebDriverContextCustomizerFactory$Customizer@53510f2b], resourceBasePath = 'src/main/webapp', contextLoader = 'org.springframework.boot.test.context.SpringBootContextLoader', parent = [null]]], class annotated with @DirtiesContext [false] with mode [null].
08:31:55.250 [Test worker] DEBUG org.springframework.test.context.support.DependencyInjectionTestExecutionListener - Performing dependency injection for test context [[DefaultTestContext@29c3a958 testClass = MessageControllerSpec, testInstance = com.phg.minitron.com.phg.minitron.controller.MessageControllerSpec@27b7578b, testMethod = [null], testException = [null], mergedContextConfiguration = [WebMergedContextConfiguration@24b5c869 testClass = MessageControllerSpec, locations = '{}', classes = '{class com.phg.minitron.MinitronApplication, class com.phg.minitron.MinitronApplication}', contextInitializerClasses = '[]', activeProfiles = '{}', propertySourceLocations = '{}', propertySourceProperties = '{org.springframework.boot.test.context.SpringBootTestContextBootstrapper=true, server.port=0}', contextCustomizers = set[org.springframework.boot.test.context.SpringBootTestContextCustomizer@157b7edf, org.springframework.boot.test.context.filter.ExcludeFilterContextCustomizer@5bc20c5e, org.springframework.boot.test.mock.mockito.MockitoContextCustomizer@0, org.springframework.boot.test.autoconfigure.properties.PropertyMappingContextCustomizer@0, org.springframework.boot.test.autoconfigure.web.servlet.WebDriverContextCustomizerFactory$Customizer@53510f2b], resourceBasePath = 'src/main/webapp', contextLoader = 'org.springframework.boot.test.context.SpringBootContextLoader', parent = [null]]]].
08:31:55.291 [Test worker] DEBUG org.springframework.core.env.StandardEnvironment - Adding [systemProperties] PropertySource with lowest search precedence
08:31:55.291 [Test worker] DEBUG org.springframework.core.env.StandardEnvironment - Adding [systemEnvironment] PropertySource with lowest search precedence
08:31:55.291 [Test worker] DEBUG org.springframework.core.env.StandardEnvironment - Initialized StandardEnvironment with PropertySources [systemProperties,systemEnvironment]
08:31:55.292 [Test worker] DEBUG org.springframework.test.context.support.TestPropertySourceUtils - Adding inlined properties to environment: {spring.jmx.enabled=false, org.springframework.boot.test.context.SpringBootTestContextBootstrapper=true, server.port=0}
08:31:55.292 [Test worker] DEBUG org.springframework.core.env.StandardEnvironment - Adding [Inlined Test Properties] PropertySource with highest search precedence

  .   ____          _            __ _ _
 /\\ / ___'_ __ _ _(_)_ __  __ _ \ \ \ \
( ( )\___ | '_ | '_| | '_ \/ _` | \ \ \ \
 \\/  ___)| |_)| | | | | || (_| |  ) ) ) )
  '  |____| .__|_| |_|_| |_\__, | / / / /
 =========|_|==============|___/=/_/_/_/
 :: Spring Boot ::        (v1.4.4.RELEASE)

2017-03-02 08:32:05.585  INFO 26564 --- [    Test worker] c.p.m.c.p.m.c.MessageControllerSpec      : Starting MessageControllerSpec on Miles-2015-Mac-Book-Pro.local with PID 26564 (/Users/milesporter/minitron/build/classes/test started by milesporter in /Users/milesporter/minitron)
2017-03-02 08:32:05.586  INFO 26564 --- [    Test worker] c.p.m.c.p.m.c.MessageControllerSpec      : No active profile set, falling back to default profiles: default
2017-03-02 08:32:05.607  INFO 26564 --- [    Test worker] ationConfigEmbeddedWebApplicationContext : Refreshing org.springframework.boot.context.embedded.AnnotationConfigEmbeddedWebApplicationContext@54c2bd8e: startup date [Thu Mar 02 08:32:05 CST 2017]; root of context hierarchy
2017-03-02 08:32:05.920  INFO 26564 --- [    Test worker] o.s.core.annotation.AnnotationUtils      : Failed to introspect annotations on [class org.springframework.boot.actuate.autoconfigure.EndpointWebMvcHypermediaManagementContextConfiguration]: java.lang.ArrayStoreException: sun.reflect.annotation.TypeNotPresentExceptionProxy
2017-03-02 08:32:05.920  INFO 26564 --- [    Test worker] o.s.core.annotation.AnnotationUtils      : Failed to introspect annotations on [class org.springframework.boot.actuate.autoconfigure.EndpointWebMvcHypermediaManagementContextConfiguration]: java.lang.ArrayStoreException: sun.reflect.annotation.TypeNotPresentExceptionProxy
2017-03-02 08:32:06.323  INFO 26564 --- [    Test worker] trationDelegate$BeanPostProcessorChecker : Bean 'org.springframework.ws.config.annotation.DelegatingWsConfiguration' of type [class org.springframework.ws.config.annotation.DelegatingWsConfiguration$$EnhancerBySpringCGLIB$$1948b541] is not eligible for getting processed by all BeanPostProcessors (for example: not eligible for auto-proxying)
2017-03-02 08:32:06.346  INFO 26564 --- [    Test worker] .w.s.a.s.AnnotationActionEndpointMapping : Supporting [WS-Addressing August 2004, WS-Addressing 1.0]
2017-03-02 08:32:06.590  INFO 26564 --- [    Test worker] s.b.c.e.t.TomcatEmbeddedServletContainer : Tomcat initialized with port(s): 0 (http)
2017-03-02 08:32:06.599  INFO 26564 --- [    Test worker] o.apache.catalina.core.StandardService   : Starting service Tomcat
2017-03-02 08:32:06.600  INFO 26564 --- [    Test worker] org.apache.catalina.core.StandardEngine  : Starting Servlet Engine: Apache Tomcat/8.5.11
2017-03-02 08:32:06.668  INFO 26564 --- [ost-startStop-1] o.a.c.c.C.[Tomcat].[localhost].[/]       : Initializing Spring embedded WebApplicationContext
2017-03-02 08:32:06.668  INFO 26564 --- [ost-startStop-1] o.s.web.context.ContextLoader            : Root WebApplicationContext: initialization completed in 1063 ms
2017-03-02 08:32:06.849  INFO 26564 --- [ost-startStop-1] o.s.b.w.servlet.ServletRegistrationBean  : Mapping servlet: 'dispatcherServlet' to [/]
2017-03-02 08:32:06.850  INFO 26564 --- [ost-startStop-1] o.s.b.w.servlet.ServletRegistrationBean  : Mapping servlet: 'messageDispatcherServlet' to [/services/*]
2017-03-02 08:32:06.852  INFO 26564 --- [ost-startStop-1] o.s.b.w.servlet.FilterRegistrationBean   : Mapping filter: 'metricsFilter' to: [/*]
2017-03-02 08:32:06.852  INFO 26564 --- [ost-startStop-1] o.s.b.w.servlet.FilterRegistrationBean   : Mapping filter: 'characterEncodingFilter' to: [/*]
2017-03-02 08:32:06.852  INFO 26564 --- [ost-startStop-1] o.s.b.w.servlet.FilterRegistrationBean   : Mapping filter: 'hiddenHttpMethodFilter' to: [/*]
2017-03-02 08:32:06.852  INFO 26564 --- [ost-startStop-1] o.s.b.w.servlet.FilterRegistrationBean   : Mapping filter: 'httpPutFormContentFilter' to: [/*]
2017-03-02 08:32:06.852  INFO 26564 --- [ost-startStop-1] o.s.b.w.servlet.FilterRegistrationBean   : Mapping filter: 'requestContextFilter' to: [/*]
2017-03-02 08:32:06.852  INFO 26564 --- [ost-startStop-1] o.s.b.w.servlet.FilterRegistrationBean   : Mapping filter: 'webRequestLoggingFilter' to: [/*]
2017-03-02 08:32:06.853  INFO 26564 --- [ost-startStop-1] o.s.b.w.servlet.FilterRegistrationBean   : Mapping filter: 'applicationContextIdFilter' to: [/*]
2017-03-02 08:32:07.307  INFO 26564 --- [    Test worker] s.w.s.m.m.a.RequestMappingHandlerAdapter : Looking for @ControllerAdvice: org.springframework.boot.context.embedded.AnnotationConfigEmbeddedWebApplicationContext@54c2bd8e: startup date [Thu Mar 02 08:32:05 CST 2017]; root of context hierarchy
2017-03-02 08:32:07.351  INFO 26564 --- [    Test worker] s.w.s.m.m.a.RequestMappingHandlerMapping : Mapped "{[/message/{device}/{channel}],methods=[POST]}" onto public org.springframework.http.ResponseEntity<java.lang.String> com.phg.minitron.controller.MessageController.getMessage(int,int,java.lang.String)
2017-03-02 08:32:07.352  INFO 26564 --- [    Test worker] s.w.s.m.m.a.RequestMappingHandlerMapping : Mapped "{[/message/{device}/{channel}],methods=[GET]}" onto public java.lang.String com.phg.minitron.controller.MessageController.getMessage(int,int)
2017-03-02 08:32:07.352  INFO 26564 --- [    Test worker] s.w.s.m.m.a.RequestMappingHandlerMapping : Mapped "{[/message/health],methods=[GET]}" onto public org.springframework.http.ResponseEntity<java.lang.String> com.phg.minitron.controller.MessageController.getHealth()
2017-03-02 08:32:07.355  INFO 26564 --- [    Test worker] s.w.s.m.m.a.RequestMappingHandlerMapping : Mapped "{[/error]}" onto public org.springframework.http.ResponseEntity<java.util.Map<java.lang.String, java.lang.Object>> org.springframework.boot.autoconfigure.web.BasicErrorController.error(javax.servlet.http.HttpServletRequest)
2017-03-02 08:32:07.355  INFO 26564 --- [    Test worker] s.w.s.m.m.a.RequestMappingHandlerMapping : Mapped "{[/error],produces=[text/html]}" onto public org.springframework.web.servlet.ModelAndView org.springframework.boot.autoconfigure.web.BasicErrorController.errorHtml(javax.servlet.http.HttpServletRequest,javax.servlet.http.HttpServletResponse)
2017-03-02 08:32:07.379  INFO 26564 --- [    Test worker] o.s.w.s.handler.SimpleUrlHandlerMapping  : Mapped URL path [/webjars/**] onto handler of type [class org.springframework.web.servlet.resource.ResourceHttpRequestHandler]
2017-03-02 08:32:07.379  INFO 26564 --- [    Test worker] o.s.w.s.handler.SimpleUrlHandlerMapping  : Mapped URL path [/**] onto handler of type [class org.springframework.web.servlet.resource.ResourceHttpRequestHandler]
2017-03-02 08:32:07.408  INFO 26564 --- [    Test worker] o.s.w.s.handler.SimpleUrlHandlerMapping  : Mapped URL path [/**/favicon.ico] onto handler of type [class org.springframework.web.servlet.resource.ResourceHttpRequestHandler]
2017-03-02 08:32:07.441  INFO 26564 --- [    Test worker] oConfiguration$WelcomePageHandlerMapping : Adding welcome page: class path resource [static/index.html]
2017-03-02 08:32:07.596  INFO 26564 --- [    Test worker] o.s.b.a.e.mvc.EndpointHandlerMapping     : Mapped "{[/mappings || /mappings.json],methods=[GET],produces=[application/json]}" onto public java.lang.Object org.springframework.boot.actuate.endpoint.mvc.EndpointMvcAdapter.invoke()
2017-03-02 08:32:07.597  INFO 26564 --- [    Test worker] o.s.b.a.e.mvc.EndpointHandlerMapping     : Mapped "{[/health || /health.json],produces=[application/json]}" onto public java.lang.Object org.springframework.boot.actuate.endpoint.mvc.HealthMvcEndpoint.invoke(java.security.Principal)
2017-03-02 08:32:07.598  INFO 26564 --- [    Test worker] o.s.b.a.e.mvc.EndpointHandlerMapping     : Mapped "{[/trace || /trace.json],methods=[GET],produces=[application/json]}" onto public java.lang.Object org.springframework.boot.actuate.endpoint.mvc.EndpointMvcAdapter.invoke()
2017-03-02 08:32:07.598  INFO 26564 --- [    Test worker] o.s.b.a.e.mvc.EndpointHandlerMapping     : Mapped "{[/dump || /dump.json],methods=[GET],produces=[application/json]}" onto public java.lang.Object org.springframework.boot.actuate.endpoint.mvc.EndpointMvcAdapter.invoke()
2017-03-02 08:32:07.599  INFO 26564 --- [    Test worker] o.s.b.a.e.mvc.EndpointHandlerMapping     : Mapped "{[/autoconfig || /autoconfig.json],methods=[GET],produces=[application/json]}" onto public java.lang.Object org.springframework.boot.actuate.endpoint.mvc.EndpointMvcAdapter.invoke()
2017-03-02 08:32:07.600  INFO 26564 --- [    Test worker] o.s.b.a.e.mvc.EndpointHandlerMapping     : Mapped "{[/heapdump || /heapdump.json],methods=[GET],produces=[application/octet-stream]}" onto public void org.springframework.boot.actuate.endpoint.mvc.HeapdumpMvcEndpoint.invoke(boolean,javax.servlet.http.HttpServletRequest,javax.servlet.http.HttpServletResponse) throws java.io.IOException,javax.servlet.ServletException
2017-03-02 08:32:07.601  INFO 26564 --- [    Test worker] o.s.b.a.e.mvc.EndpointHandlerMapping     : Mapped "{[/metrics/{name:.*}],methods=[GET],produces=[application/json]}" onto public java.lang.Object org.springframework.boot.actuate.endpoint.mvc.MetricsMvcEndpoint.value(java.lang.String)
2017-03-02 08:32:07.601  INFO 26564 --- [    Test worker] o.s.b.a.e.mvc.EndpointHandlerMapping     : Mapped "{[/metrics || /metrics.json],methods=[GET],produces=[application/json]}" onto public java.lang.Object org.springframework.boot.actuate.endpoint.mvc.EndpointMvcAdapter.invoke()
2017-03-02 08:32:07.602  INFO 26564 --- [    Test worker] o.s.b.a.e.mvc.EndpointHandlerMapping     : Mapped "{[/beans || /beans.json],methods=[GET],produces=[application/json]}" onto public java.lang.Object org.springframework.boot.actuate.endpoint.mvc.EndpointMvcAdapter.invoke()
2017-03-02 08:32:07.606  INFO 26564 --- [    Test worker] o.s.b.a.e.mvc.EndpointHandlerMapping     : Mapped "{[/env/{name:.*}],methods=[GET],produces=[application/json]}" onto public java.lang.Object org.springframework.boot.actuate.endpoint.mvc.EnvironmentMvcEndpoint.value(java.lang.String)
2017-03-02 08:32:07.606  INFO 26564 --- [    Test worker] o.s.b.a.e.mvc.EndpointHandlerMapping     : Mapped "{[/env || /env.json],methods=[GET],produces=[application/json]}" onto public java.lang.Object org.springframework.boot.actuate.endpoint.mvc.EndpointMvcAdapter.invoke()
2017-03-02 08:32:07.607  INFO 26564 --- [    Test worker] o.s.b.a.e.mvc.EndpointHandlerMapping     : Mapped "{[/info || /info.json],methods=[GET],produces=[application/json]}" onto public java.lang.Object org.springframework.boot.actuate.endpoint.mvc.EndpointMvcAdapter.invoke()
2017-03-02 08:32:07.607  INFO 26564 --- [    Test worker] o.s.b.a.e.mvc.EndpointHandlerMapping     : Mapped "{[/configprops || /configprops.json],methods=[GET],produces=[application/json]}" onto public java.lang.Object org.springframework.boot.actuate.endpoint.mvc.EndpointMvcAdapter.invoke()
2017-03-02 08:32:07.833  WARN 26564 --- [    Test worker] arterDeprecationWarningAutoConfiguration : spring-boot-starter-ws is deprecated as of Spring Boot 1.4, please migrate to spring-boot-starter-web-services
2017-03-02 08:32:07.955  INFO 26564 --- [    Test worker] s.b.c.e.t.TomcatEmbeddedServletContainer : Tomcat started on port(s): 64348 (http)
2017-03-02 08:32:07.959  INFO 26564 --- [    Test worker] c.p.m.c.p.m.c.MessageControllerSpec      : Started MessageControllerSpec in 12.665 seconds (JVM running for 13.497)
2017-03-02 08:32:08.114  INFO 26564 --- [o-auto-1-exec-1] o.a.c.c.C.[Tomcat].[localhost].[/]       : Initializing Spring FrameworkServlet 'dispatcherServlet'
2017-03-02 08:32:08.114  INFO 26564 --- [o-auto-1-exec-1] o.s.web.servlet.DispatcherServlet        : FrameworkServlet 'dispatcherServlet': initialization started
2017-03-02 08:32:08.124  INFO 26564 --- [o-auto-1-exec-1] o.s.web.servlet.DispatcherServlet        : FrameworkServlet 'dispatcherServlet': initialization completed in 10 ms
]]></system-out>
  <system-err><![CDATA[]]></system-err>
</testsuite>
