<?xml version="1.0" encoding="UTF-8"?>
<testsuite name="com.phg.minitron.com.phg.minitron.controller.MessageControllerSpec" tests="1" skipped="0" failures="0" errors="0" timestamp="2017-02-26T21:20:18" hostname="Miles-2015-Mac-Book-Pro.local" time="13.446">
  <properties/>
  <testcase name="I can hit the message controller health endpoint" classname="com.phg.minitron.com.phg.minitron.controller.MessageControllerSpec" time="13.446"/>
  <system-out><![CDATA[15:20:18.504 [Test worker] DEBUG org.springframework.test.annotation.ProfileValueUtils - Retrieved @ProfileValueSourceConfiguration [null] for test class [com.phg.minitron.com.phg.minitron.controller.MessageControllerSpec]
15:20:18.507 [Test worker] DEBUG org.springframework.test.annotation.ProfileValueUtils - Retrieved ProfileValueSource type [class org.springframework.test.annotation.SystemProfileValueSource] for class [com.phg.minitron.com.phg.minitron.controller.MessageControllerSpec]
15:20:18.508 [Test worker] DEBUG org.springframework.test.annotation.ProfileValueUtils - Retrieved @ProfileValueSourceConfiguration [null] for test class [com.phg.minitron.com.phg.minitron.controller.MessageControllerSpec]
15:20:18.508 [Test worker] DEBUG org.springframework.test.annotation.ProfileValueUtils - Retrieved ProfileValueSource type [class org.springframework.test.annotation.SystemProfileValueSource] for class [com.phg.minitron.com.phg.minitron.controller.MessageControllerSpec]
15:20:18.515 [Test worker] DEBUG org.springframework.test.context.BootstrapUtils - Instantiating CacheAwareContextLoaderDelegate from class [org.springframework.test.context.cache.DefaultCacheAwareContextLoaderDelegate]
15:20:18.520 [Test worker] DEBUG org.springframework.test.context.BootstrapUtils - Instantiating BootstrapContext using constructor [public org.springframework.test.context.support.DefaultBootstrapContext(java.lang.Class,org.springframework.test.context.CacheAwareContextLoaderDelegate)]
15:20:18.527 [Test worker] DEBUG org.springframework.test.context.BootstrapUtils - Instantiating TestContextBootstrapper for test class [com.phg.minitron.com.phg.minitron.controller.MessageControllerSpec] from class [org.springframework.boot.test.context.SpringBootTestContextBootstrapper]
15:20:18.533 [Test worker] INFO org.springframework.boot.test.context.SpringBootTestContextBootstrapper - Neither @ContextConfiguration nor @ContextHierarchy found for test class [com.phg.minitron.com.phg.minitron.controller.MessageControllerSpec], using SpringBootContextLoader
15:20:18.536 [Test worker] DEBUG org.springframework.test.context.support.AbstractContextLoader - Did not detect default resource location for test class [com.phg.minitron.com.phg.minitron.controller.MessageControllerSpec]: class path resource [com/phg/minitron/com/phg/minitron/controller/MessageControllerSpec-context.xml] does not exist
15:20:18.536 [Test worker] DEBUG org.springframework.test.context.support.AbstractContextLoader - Did not detect default resource location for test class [com.phg.minitron.com.phg.minitron.controller.MessageControllerSpec]: class path resource [com/phg/minitron/com/phg/minitron/controller/MessageControllerSpecContext.groovy] does not exist
15:20:18.536 [Test worker] INFO org.springframework.test.context.support.AbstractContextLoader - Could not detect default resource locations for test class [com.phg.minitron.com.phg.minitron.controller.MessageControllerSpec]: no resource found for suffixes {-context.xml, Context.groovy}.
15:20:18.564 [Test worker] DEBUG org.springframework.test.context.support.ActiveProfilesUtils - Could not find an 'annotation declaring class' for annotation type [org.springframework.test.context.ActiveProfiles] and class [com.phg.minitron.com.phg.minitron.controller.MessageControllerSpec]
15:20:18.582 [Test worker] DEBUG org.springframework.boot.test.context.SpringBootTestContextBootstrapper - @TestExecutionListeners is not present for class [com.phg.minitron.com.phg.minitron.controller.MessageControllerSpec]: using defaults.
15:20:18.585 [Test worker] INFO org.springframework.boot.test.context.SpringBootTestContextBootstrapper - Loaded default TestExecutionListener class names from location [META-INF/spring.factories]: [org.springframework.boot.test.mock.mockito.MockitoTestExecutionListener, org.springframework.boot.test.mock.mockito.ResetMocksTestExecutionListener, org.springframework.boot.test.autoconfigure.restdocs.RestDocsTestExecutionListener, org.springframework.boot.test.autoconfigure.web.client.MockRestServiceServerResetTestExecutionListener, org.springframework.boot.test.autoconfigure.web.servlet.MockMvcPrintOnlyOnFailureTestExecutionListener, org.springframework.boot.test.autoconfigure.web.servlet.WebDriverTestExecutionListener, org.springframework.test.context.web.ServletTestExecutionListener, org.springframework.test.context.support.DirtiesContextBeforeModesTestExecutionListener, org.springframework.test.context.support.DependencyInjectionTestExecutionListener, org.springframework.test.context.support.DirtiesContextTestExecutionListener, org.springframework.test.context.transaction.TransactionalTestExecutionListener, org.springframework.test.context.jdbc.SqlScriptsTestExecutionListener]
15:20:18.591 [Test worker] INFO org.springframework.boot.test.context.SpringBootTestContextBootstrapper - Could not instantiate TestExecutionListener [org.springframework.test.context.transaction.TransactionalTestExecutionListener]. Specify custom listener classes or make the default listener classes (and their required dependencies) available. Offending class: [org/springframework/transaction/interceptor/TransactionAttributeSource]
15:20:18.594 [Test worker] INFO org.springframework.boot.test.context.SpringBootTestContextBootstrapper - Could not instantiate TestExecutionListener [org.springframework.test.context.jdbc.SqlScriptsTestExecutionListener]. Specify custom listener classes or make the default listener classes (and their required dependencies) available. Offending class: [org/springframework/transaction/interceptor/TransactionAttribute]
15:20:18.595 [Test worker] INFO org.springframework.boot.test.context.SpringBootTestContextBootstrapper - Using TestExecutionListeners: [org.springframework.test.context.web.ServletTestExecutionListener@c64eb8f, org.springframework.test.context.support.DirtiesContextBeforeModesTestExecutionListener@6a706b6f, org.springframework.boot.test.autoconfigure.SpringBootDependencyInjectionTestExecutionListener@733178d2, org.springframework.test.context.support.DirtiesContextTestExecutionListener@7825ebb8, org.springframework.boot.test.autoconfigure.web.servlet.WebDriverTestExecutionListener@53b65fa0, org.springframework.boot.test.autoconfigure.web.client.MockRestServiceServerResetTestExecutionListener@3af46daa, org.springframework.boot.test.mock.mockito.MockitoTestExecutionListener@42fb75ce, org.springframework.boot.test.mock.mockito.ResetMocksTestExecutionListener@15543e02, org.springframework.boot.test.autoconfigure.restdocs.RestDocsTestExecutionListener@74fe2857, org.springframework.boot.test.autoconfigure.web.servlet.MockMvcPrintOnlyOnFailureTestExecutionListener@6dfe925f]
15:20:18.726 [Test worker] DEBUG org.springframework.test.context.support.AbstractDirtiesContextTestExecutionListener - Before test class: context [DefaultTestContext@163a263f testClass = MessageControllerSpec, testInstance = [null], testMethod = [null], testException = [null], mergedContextConfiguration = [WebMergedContextConfiguration@7f58d68a testClass = MessageControllerSpec, locations = '{}', classes = '{class com.phg.minitron.MinitronApplication, class com.phg.minitron.MinitronApplication}', contextInitializerClasses = '[]', activeProfiles = '{}', propertySourceLocations = '{}', propertySourceProperties = '{org.springframework.boot.test.context.SpringBootTestContextBootstrapper=true, server.port=0}', contextCustomizers = set[org.springframework.boot.test.context.SpringBootTestContextCustomizer@7c490aa3, org.springframework.boot.test.context.filter.ExcludeFilterContextCustomizer@9ce20ea, org.springframework.boot.test.mock.mockito.MockitoContextCustomizer@0, org.springframework.boot.test.autoconfigure.properties.PropertyMappingContextCustomizer@0, org.springframework.boot.test.autoconfigure.web.servlet.WebDriverContextCustomizerFactory$Customizer@2eebfbe3], resourceBasePath = 'src/main/webapp', contextLoader = 'org.springframework.boot.test.context.SpringBootContextLoader', parent = [null]]], class annotated with @DirtiesContext [false] with mode [null].
15:20:18.729 [Test worker] DEBUG org.springframework.test.context.support.DependencyInjectionTestExecutionListener - Performing dependency injection for test context [[DefaultTestContext@163a263f testClass = MessageControllerSpec, testInstance = com.phg.minitron.com.phg.minitron.controller.MessageControllerSpec@7e92bfc, testMethod = [null], testException = [null], mergedContextConfiguration = [WebMergedContextConfiguration@7f58d68a testClass = MessageControllerSpec, locations = '{}', classes = '{class com.phg.minitron.MinitronApplication, class com.phg.minitron.MinitronApplication}', contextInitializerClasses = '[]', activeProfiles = '{}', propertySourceLocations = '{}', propertySourceProperties = '{org.springframework.boot.test.context.SpringBootTestContextBootstrapper=true, server.port=0}', contextCustomizers = set[org.springframework.boot.test.context.SpringBootTestContextCustomizer@7c490aa3, org.springframework.boot.test.context.filter.ExcludeFilterContextCustomizer@9ce20ea, org.springframework.boot.test.mock.mockito.MockitoContextCustomizer@0, org.springframework.boot.test.autoconfigure.properties.PropertyMappingContextCustomizer@0, org.springframework.boot.test.autoconfigure.web.servlet.WebDriverContextCustomizerFactory$Customizer@2eebfbe3], resourceBasePath = 'src/main/webapp', contextLoader = 'org.springframework.boot.test.context.SpringBootContextLoader', parent = [null]]]].
15:20:18.767 [Test worker] DEBUG org.springframework.core.env.StandardEnvironment - Adding [systemProperties] PropertySource with lowest search precedence
15:20:18.768 [Test worker] DEBUG org.springframework.core.env.StandardEnvironment - Adding [systemEnvironment] PropertySource with lowest search precedence
15:20:18.768 [Test worker] DEBUG org.springframework.core.env.StandardEnvironment - Initialized StandardEnvironment with PropertySources [systemProperties,systemEnvironment]
15:20:18.768 [Test worker] DEBUG org.springframework.test.context.support.TestPropertySourceUtils - Adding inlined properties to environment: {spring.jmx.enabled=false, org.springframework.boot.test.context.SpringBootTestContextBootstrapper=true, server.port=0}
15:20:18.769 [Test worker] DEBUG org.springframework.core.env.StandardEnvironment - Adding [Inlined Test Properties] PropertySource with highest search precedence

  .   ____          _            __ _ _
 /\\ / ___'_ __ _ _(_)_ __  __ _ \ \ \ \
( ( )\___ | '_ | '_| | '_ \/ _` | \ \ \ \
 \\/  ___)| |_)| | | | | || (_| |  ) ) ) )
  '  |____| .__|_| |_|_| |_\__, | / / / /
 =========|_|==============|___/=/_/_/_/
 :: Spring Boot ::        (v1.4.4.RELEASE)

2017-02-26 15:20:29.169  INFO 19303 --- [    Test worker] c.p.m.c.p.m.c.MessageControllerSpec      : Starting MessageControllerSpec on Miles-2015-Mac-Book-Pro.local with PID 19303 (/Users/milesporter/minitron/build/classes/test started by milesporter in /Users/milesporter/minitron)
2017-02-26 15:20:29.171  INFO 19303 --- [    Test worker] c.p.m.c.p.m.c.MessageControllerSpec      : No active profile set, falling back to default profiles: default
2017-02-26 15:20:29.196  INFO 19303 --- [    Test worker] ationConfigEmbeddedWebApplicationContext : Refreshing org.springframework.boot.context.embedded.AnnotationConfigEmbeddedWebApplicationContext@296a5aa: startup date [Sun Feb 26 15:20:29 CST 2017]; root of context hierarchy
2017-02-26 15:20:29.585  INFO 19303 --- [    Test worker] o.s.core.annotation.AnnotationUtils      : Failed to introspect annotations on [class org.springframework.boot.actuate.autoconfigure.EndpointWebMvcHypermediaManagementContextConfiguration]: java.lang.ArrayStoreException: sun.reflect.annotation.TypeNotPresentExceptionProxy
2017-02-26 15:20:29.586  INFO 19303 --- [    Test worker] o.s.core.annotation.AnnotationUtils      : Failed to introspect annotations on [class org.springframework.boot.actuate.autoconfigure.EndpointWebMvcHypermediaManagementContextConfiguration]: java.lang.ArrayStoreException: sun.reflect.annotation.TypeNotPresentExceptionProxy
2017-02-26 15:20:30.016  INFO 19303 --- [    Test worker] trationDelegate$BeanPostProcessorChecker : Bean 'org.springframework.ws.config.annotation.DelegatingWsConfiguration' of type [class org.springframework.ws.config.annotation.DelegatingWsConfiguration$$EnhancerBySpringCGLIB$$1998e2d0] is not eligible for getting processed by all BeanPostProcessors (for example: not eligible for auto-proxying)
2017-02-26 15:20:30.041  INFO 19303 --- [    Test worker] .w.s.a.s.AnnotationActionEndpointMapping : Supporting [WS-Addressing August 2004, WS-Addressing 1.0]
2017-02-26 15:20:30.375  INFO 19303 --- [    Test worker] s.b.c.e.t.TomcatEmbeddedServletContainer : Tomcat initialized with port(s): 0 (http)
2017-02-26 15:20:30.387  INFO 19303 --- [    Test worker] o.apache.catalina.core.StandardService   : Starting service Tomcat
2017-02-26 15:20:30.388  INFO 19303 --- [    Test worker] org.apache.catalina.core.StandardEngine  : Starting Servlet Engine: Apache Tomcat/8.5.11
2017-02-26 15:20:30.473  INFO 19303 --- [ost-startStop-1] o.a.c.c.C.[Tomcat].[localhost].[/]       : Initializing Spring embedded WebApplicationContext
2017-02-26 15:20:30.474  INFO 19303 --- [ost-startStop-1] o.s.web.context.ContextLoader            : Root WebApplicationContext: initialization completed in 1281 ms
2017-02-26 15:20:30.675  INFO 19303 --- [ost-startStop-1] o.s.b.w.servlet.ServletRegistrationBean  : Mapping servlet: 'dispatcherServlet' to [/]
2017-02-26 15:20:30.676  INFO 19303 --- [ost-startStop-1] o.s.b.w.servlet.ServletRegistrationBean  : Mapping servlet: 'messageDispatcherServlet' to [/services/*]
2017-02-26 15:20:30.678  INFO 19303 --- [ost-startStop-1] o.s.b.w.servlet.FilterRegistrationBean   : Mapping filter: 'metricsFilter' to: [/*]
2017-02-26 15:20:30.679  INFO 19303 --- [ost-startStop-1] o.s.b.w.servlet.FilterRegistrationBean   : Mapping filter: 'characterEncodingFilter' to: [/*]
2017-02-26 15:20:30.679  INFO 19303 --- [ost-startStop-1] o.s.b.w.servlet.FilterRegistrationBean   : Mapping filter: 'hiddenHttpMethodFilter' to: [/*]
2017-02-26 15:20:30.679  INFO 19303 --- [ost-startStop-1] o.s.b.w.servlet.FilterRegistrationBean   : Mapping filter: 'httpPutFormContentFilter' to: [/*]
2017-02-26 15:20:30.679  INFO 19303 --- [ost-startStop-1] o.s.b.w.servlet.FilterRegistrationBean   : Mapping filter: 'requestContextFilter' to: [/*]
2017-02-26 15:20:30.679  INFO 19303 --- [ost-startStop-1] o.s.b.w.servlet.FilterRegistrationBean   : Mapping filter: 'webRequestLoggingFilter' to: [/*]
2017-02-26 15:20:30.680  INFO 19303 --- [ost-startStop-1] o.s.b.w.servlet.FilterRegistrationBean   : Mapping filter: 'applicationContextIdFilter' to: [/*]
2017-02-26 15:20:31.143  INFO 19303 --- [    Test worker] s.w.s.m.m.a.RequestMappingHandlerAdapter : Looking for @ControllerAdvice: org.springframework.boot.context.embedded.AnnotationConfigEmbeddedWebApplicationContext@296a5aa: startup date [Sun Feb 26 15:20:29 CST 2017]; root of context hierarchy
2017-02-26 15:20:31.185  INFO 19303 --- [    Test worker] s.w.s.m.m.a.RequestMappingHandlerMapping : Mapped "{[/message/health],methods=[GET]}" onto public org.springframework.http.ResponseEntity<java.lang.String> com.phg.minitron.controller.MessageController.getMessage()
2017-02-26 15:20:31.186  INFO 19303 --- [    Test worker] s.w.s.m.m.a.RequestMappingHandlerMapping : Mapped "{[/message/{device}/{channel}],methods=[POST]}" onto public org.springframework.http.ResponseEntity<java.lang.String> com.phg.minitron.controller.MessageController.getMessage(int,int,java.lang.String)
2017-02-26 15:20:31.186  INFO 19303 --- [    Test worker] s.w.s.m.m.a.RequestMappingHandlerMapping : Mapped "{[/message/{device}/{channel}],methods=[GET]}" onto public java.lang.String com.phg.minitron.controller.MessageController.getMessage(int,int)
2017-02-26 15:20:31.188  INFO 19303 --- [    Test worker] s.w.s.m.m.a.RequestMappingHandlerMapping : Mapped "{[/error]}" onto public org.springframework.http.ResponseEntity<java.util.Map<java.lang.String, java.lang.Object>> org.springframework.boot.autoconfigure.web.BasicErrorController.error(javax.servlet.http.HttpServletRequest)
2017-02-26 15:20:31.188  INFO 19303 --- [    Test worker] s.w.s.m.m.a.RequestMappingHandlerMapping : Mapped "{[/error],produces=[text/html]}" onto public org.springframework.web.servlet.ModelAndView org.springframework.boot.autoconfigure.web.BasicErrorController.errorHtml(javax.servlet.http.HttpServletRequest,javax.servlet.http.HttpServletResponse)
2017-02-26 15:20:31.211  INFO 19303 --- [    Test worker] o.s.w.s.handler.SimpleUrlHandlerMapping  : Mapped URL path [/webjars/**] onto handler of type [class org.springframework.web.servlet.resource.ResourceHttpRequestHandler]
2017-02-26 15:20:31.211  INFO 19303 --- [    Test worker] o.s.w.s.handler.SimpleUrlHandlerMapping  : Mapped URL path [/**] onto handler of type [class org.springframework.web.servlet.resource.ResourceHttpRequestHandler]
2017-02-26 15:20:31.236  INFO 19303 --- [    Test worker] o.s.w.s.handler.SimpleUrlHandlerMapping  : Mapped URL path [/**/favicon.ico] onto handler of type [class org.springframework.web.servlet.resource.ResourceHttpRequestHandler]
2017-02-26 15:20:31.271  INFO 19303 --- [    Test worker] oConfiguration$WelcomePageHandlerMapping : Adding welcome page: class path resource [static/index.html]
2017-02-26 15:20:31.469  INFO 19303 --- [    Test worker] o.s.b.a.e.mvc.EndpointHandlerMapping     : Mapped "{[/dump || /dump.json],methods=[GET],produces=[application/json]}" onto public java.lang.Object org.springframework.boot.actuate.endpoint.mvc.EndpointMvcAdapter.invoke()
2017-02-26 15:20:31.470  INFO 19303 --- [    Test worker] o.s.b.a.e.mvc.EndpointHandlerMapping     : Mapped "{[/configprops || /configprops.json],methods=[GET],produces=[application/json]}" onto public java.lang.Object org.springframework.boot.actuate.endpoint.mvc.EndpointMvcAdapter.invoke()
2017-02-26 15:20:31.471  INFO 19303 --- [    Test worker] o.s.b.a.e.mvc.EndpointHandlerMapping     : Mapped "{[/beans || /beans.json],methods=[GET],produces=[application/json]}" onto public java.lang.Object org.springframework.boot.actuate.endpoint.mvc.EndpointMvcAdapter.invoke()
2017-02-26 15:20:31.472  INFO 19303 --- [    Test worker] o.s.b.a.e.mvc.EndpointHandlerMapping     : Mapped "{[/mappings || /mappings.json],methods=[GET],produces=[application/json]}" onto public java.lang.Object org.springframework.boot.actuate.endpoint.mvc.EndpointMvcAdapter.invoke()
2017-02-26 15:20:31.473  INFO 19303 --- [    Test worker] o.s.b.a.e.mvc.EndpointHandlerMapping     : Mapped "{[/trace || /trace.json],methods=[GET],produces=[application/json]}" onto public java.lang.Object org.springframework.boot.actuate.endpoint.mvc.EndpointMvcAdapter.invoke()
2017-02-26 15:20:31.475  INFO 19303 --- [    Test worker] o.s.b.a.e.mvc.EndpointHandlerMapping     : Mapped "{[/env/{name:.*}],methods=[GET],produces=[application/json]}" onto public java.lang.Object org.springframework.boot.actuate.endpoint.mvc.EnvironmentMvcEndpoint.value(java.lang.String)
2017-02-26 15:20:31.475  INFO 19303 --- [    Test worker] o.s.b.a.e.mvc.EndpointHandlerMapping     : Mapped "{[/env || /env.json],methods=[GET],produces=[application/json]}" onto public java.lang.Object org.springframework.boot.actuate.endpoint.mvc.EndpointMvcAdapter.invoke()
2017-02-26 15:20:31.480  INFO 19303 --- [    Test worker] o.s.b.a.e.mvc.EndpointHandlerMapping     : Mapped "{[/metrics/{name:.*}],methods=[GET],produces=[application/json]}" onto public java.lang.Object org.springframework.boot.actuate.endpoint.mvc.MetricsMvcEndpoint.value(java.lang.String)
2017-02-26 15:20:31.480  INFO 19303 --- [    Test worker] o.s.b.a.e.mvc.EndpointHandlerMapping     : Mapped "{[/metrics || /metrics.json],methods=[GET],produces=[application/json]}" onto public java.lang.Object org.springframework.boot.actuate.endpoint.mvc.EndpointMvcAdapter.invoke()
2017-02-26 15:20:31.481  INFO 19303 --- [    Test worker] o.s.b.a.e.mvc.EndpointHandlerMapping     : Mapped "{[/info || /info.json],methods=[GET],produces=[application/json]}" onto public java.lang.Object org.springframework.boot.actuate.endpoint.mvc.EndpointMvcAdapter.invoke()
2017-02-26 15:20:31.482  INFO 19303 --- [    Test worker] o.s.b.a.e.mvc.EndpointHandlerMapping     : Mapped "{[/health || /health.json],produces=[application/json]}" onto public java.lang.Object org.springframework.boot.actuate.endpoint.mvc.HealthMvcEndpoint.invoke(java.security.Principal)
2017-02-26 15:20:31.483  INFO 19303 --- [    Test worker] o.s.b.a.e.mvc.EndpointHandlerMapping     : Mapped "{[/autoconfig || /autoconfig.json],methods=[GET],produces=[application/json]}" onto public java.lang.Object org.springframework.boot.actuate.endpoint.mvc.EndpointMvcAdapter.invoke()
2017-02-26 15:20:31.483  INFO 19303 --- [    Test worker] o.s.b.a.e.mvc.EndpointHandlerMapping     : Mapped "{[/heapdump || /heapdump.json],methods=[GET],produces=[application/octet-stream]}" onto public void org.springframework.boot.actuate.endpoint.mvc.HeapdumpMvcEndpoint.invoke(boolean,javax.servlet.http.HttpServletRequest,javax.servlet.http.HttpServletResponse) throws java.io.IOException,javax.servlet.ServletException
2017-02-26 15:20:31.746  WARN 19303 --- [    Test worker] arterDeprecationWarningAutoConfiguration : spring-boot-starter-ws is deprecated as of Spring Boot 1.4, please migrate to spring-boot-starter-web-services
2017-02-26 15:20:31.891  INFO 19303 --- [    Test worker] s.b.c.e.t.TomcatEmbeddedServletContainer : Tomcat started on port(s): 59009 (http)
2017-02-26 15:20:31.896  INFO 19303 --- [    Test worker] c.p.m.c.p.m.c.MessageControllerSpec      : Started MessageControllerSpec in 13.124 seconds (JVM running for 13.908)
2017-02-26 15:20:32.093  INFO 19303 --- [o-auto-1-exec-1] o.a.c.c.C.[Tomcat].[localhost].[/]       : Initializing Spring FrameworkServlet 'dispatcherServlet'
2017-02-26 15:20:32.093  INFO 19303 --- [o-auto-1-exec-1] o.s.web.servlet.DispatcherServlet        : FrameworkServlet 'dispatcherServlet': initialization started
2017-02-26 15:20:32.106  INFO 19303 --- [o-auto-1-exec-1] o.s.web.servlet.DispatcherServlet        : FrameworkServlet 'dispatcherServlet': initialization completed in 13 ms
]]></system-out>
  <system-err><![CDATA[]]></system-err>
</testsuite>
