<?xml version="1.0" encoding="UTF-8"?>
<testsuite name="com.phg.minitron.com.phg.minitron.controller.MessageControllerSpec" tests="3" skipped="1" failures="1" errors="0" timestamp="2017-03-02T19:55:39" hostname="Miles-2015-Mac-Book-Pro.local" time="12.949">
  <properties/>
  <testcase name="I can hit the message controller health endpoint" classname="com.phg.minitron.com.phg.minitron.controller.MessageControllerSpec" time="12.846"/>
  <testcase name="I can save a message." classname="com.phg.minitron.com.phg.minitron.controller.MessageControllerSpec" time="0.103">
    <failure message="groovyx.net.http.HttpResponseException: " type="groovyx.net.http.HttpResponseException">groovyx.net.http.HttpResponseException: 
	at groovyx.net.http.RESTClient.defaultFailureHandler(RESTClient.java:263)
	at groovy.lang.Closure.call(Closure.java:423)
	at groovyx.net.http.HTTPBuilder$1.handleResponse(HTTPBuilder.java:503)
	at org.apache.http.impl.client.CloseableHttpClient.execute(CloseableHttpClient.java:222)
	at org.apache.http.impl.client.CloseableHttpClient.execute(CloseableHttpClient.java:164)
	at groovyx.net.http.HTTPBuilder.doRequest(HTTPBuilder.java:515)
	at groovyx.net.http.RESTClient.post(RESTClient.java:141)
	at com.phg.minitron.com.phg.minitron.controller.MessageControllerSpec.I can save a message.(MessageControllerSpec.groovy:50)
</failure>
  </testcase>
  <testcase name="I can get a message" classname="com.phg.minitron.com.phg.minitron.controller.MessageControllerSpec" time="0.0">
    <skipped/>
  </testcase>
  <system-out><![CDATA[13:55:38.785 [Test worker] DEBUG org.springframework.test.annotation.ProfileValueUtils - Retrieved @ProfileValueSourceConfiguration [null] for test class [com.phg.minitron.com.phg.minitron.controller.MessageControllerSpec]
13:55:38.788 [Test worker] DEBUG org.springframework.test.annotation.ProfileValueUtils - Retrieved ProfileValueSource type [class org.springframework.test.annotation.SystemProfileValueSource] for class [com.phg.minitron.com.phg.minitron.controller.MessageControllerSpec]
13:55:38.789 [Test worker] DEBUG org.springframework.test.annotation.ProfileValueUtils - Retrieved @ProfileValueSourceConfiguration [null] for test class [com.phg.minitron.com.phg.minitron.controller.MessageControllerSpec]
13:55:38.789 [Test worker] DEBUG org.springframework.test.annotation.ProfileValueUtils - Retrieved ProfileValueSource type [class org.springframework.test.annotation.SystemProfileValueSource] for class [com.phg.minitron.com.phg.minitron.controller.MessageControllerSpec]
13:55:38.792 [Test worker] DEBUG org.springframework.test.annotation.ProfileValueUtils - Retrieved @ProfileValueSourceConfiguration [null] for test class [com.phg.minitron.com.phg.minitron.controller.MessageControllerSpec]
13:55:38.793 [Test worker] DEBUG org.springframework.test.annotation.ProfileValueUtils - Retrieved ProfileValueSource type [class org.springframework.test.annotation.SystemProfileValueSource] for class [com.phg.minitron.com.phg.minitron.controller.MessageControllerSpec]
13:55:38.793 [Test worker] DEBUG org.springframework.test.annotation.ProfileValueUtils - Retrieved @ProfileValueSourceConfiguration [null] for test class [com.phg.minitron.com.phg.minitron.controller.MessageControllerSpec]
13:55:38.793 [Test worker] DEBUG org.springframework.test.annotation.ProfileValueUtils - Retrieved ProfileValueSource type [class org.springframework.test.annotation.SystemProfileValueSource] for class [com.phg.minitron.com.phg.minitron.controller.MessageControllerSpec]
13:55:38.798 [Test worker] DEBUG org.springframework.test.context.BootstrapUtils - Instantiating CacheAwareContextLoaderDelegate from class [org.springframework.test.context.cache.DefaultCacheAwareContextLoaderDelegate]
13:55:38.804 [Test worker] DEBUG org.springframework.test.context.BootstrapUtils - Instantiating BootstrapContext using constructor [public org.springframework.test.context.support.DefaultBootstrapContext(java.lang.Class,org.springframework.test.context.CacheAwareContextLoaderDelegate)]
13:55:38.810 [Test worker] DEBUG org.springframework.test.context.BootstrapUtils - Instantiating TestContextBootstrapper for test class [com.phg.minitron.com.phg.minitron.controller.MessageControllerSpec] from class [org.springframework.boot.test.context.SpringBootTestContextBootstrapper]
13:55:38.816 [Test worker] INFO org.springframework.boot.test.context.SpringBootTestContextBootstrapper - Neither @ContextConfiguration nor @ContextHierarchy found for test class [com.phg.minitron.com.phg.minitron.controller.MessageControllerSpec], using SpringBootContextLoader
13:55:38.818 [Test worker] DEBUG org.springframework.test.context.support.AbstractContextLoader - Did not detect default resource location for test class [com.phg.minitron.com.phg.minitron.controller.MessageControllerSpec]: class path resource [com/phg/minitron/com/phg/minitron/controller/MessageControllerSpec-context.xml] does not exist
13:55:38.819 [Test worker] DEBUG org.springframework.test.context.support.AbstractContextLoader - Did not detect default resource location for test class [com.phg.minitron.com.phg.minitron.controller.MessageControllerSpec]: class path resource [com/phg/minitron/com/phg/minitron/controller/MessageControllerSpecContext.groovy] does not exist
13:55:38.819 [Test worker] INFO org.springframework.test.context.support.AbstractContextLoader - Could not detect default resource locations for test class [com.phg.minitron.com.phg.minitron.controller.MessageControllerSpec]: no resource found for suffixes {-context.xml, Context.groovy}.
13:55:38.842 [Test worker] DEBUG org.springframework.test.context.support.ActiveProfilesUtils - Could not find an 'annotation declaring class' for annotation type [org.springframework.test.context.ActiveProfiles] and class [com.phg.minitron.com.phg.minitron.controller.MessageControllerSpec]
13:55:38.865 [Test worker] DEBUG org.springframework.boot.test.context.SpringBootTestContextBootstrapper - @TestExecutionListeners is not present for class [com.phg.minitron.com.phg.minitron.controller.MessageControllerSpec]: using defaults.
13:55:38.867 [Test worker] INFO org.springframework.boot.test.context.SpringBootTestContextBootstrapper - Loaded default TestExecutionListener class names from location [META-INF/spring.factories]: [org.springframework.boot.test.mock.mockito.MockitoTestExecutionListener, org.springframework.boot.test.mock.mockito.ResetMocksTestExecutionListener, org.springframework.boot.test.autoconfigure.restdocs.RestDocsTestExecutionListener, org.springframework.boot.test.autoconfigure.web.client.MockRestServiceServerResetTestExecutionListener, org.springframework.boot.test.autoconfigure.web.servlet.MockMvcPrintOnlyOnFailureTestExecutionListener, org.springframework.boot.test.autoconfigure.web.servlet.WebDriverTestExecutionListener, org.springframework.test.context.web.ServletTestExecutionListener, org.springframework.test.context.support.DirtiesContextBeforeModesTestExecutionListener, org.springframework.test.context.support.DependencyInjectionTestExecutionListener, org.springframework.test.context.support.DirtiesContextTestExecutionListener, org.springframework.test.context.transaction.TransactionalTestExecutionListener, org.springframework.test.context.jdbc.SqlScriptsTestExecutionListener]
13:55:38.873 [Test worker] INFO org.springframework.boot.test.context.SpringBootTestContextBootstrapper - Could not instantiate TestExecutionListener [org.springframework.test.context.jdbc.SqlScriptsTestExecutionListener]. Specify custom listener classes or make the default listener classes (and their required dependencies) available. Offending class: [org/springframework/transaction/interceptor/TransactionAttribute]
13:55:38.875 [Test worker] INFO org.springframework.boot.test.context.SpringBootTestContextBootstrapper - Could not instantiate TestExecutionListener [org.springframework.test.context.transaction.TransactionalTestExecutionListener]. Specify custom listener classes or make the default listener classes (and their required dependencies) available. Offending class: [org/springframework/transaction/interceptor/TransactionAttributeSource]
13:55:38.877 [Test worker] INFO org.springframework.boot.test.context.SpringBootTestContextBootstrapper - Using TestExecutionListeners: [org.springframework.test.context.web.ServletTestExecutionListener@2a7bd100, org.springframework.test.context.support.DirtiesContextBeforeModesTestExecutionListener@420c48ef, org.springframework.boot.test.autoconfigure.SpringBootDependencyInjectionTestExecutionListener@3c2887b5, org.springframework.test.context.support.DirtiesContextTestExecutionListener@2d95bb98, org.springframework.boot.test.autoconfigure.web.client.MockRestServiceServerResetTestExecutionListener@59929cfb, org.springframework.boot.test.autoconfigure.restdocs.RestDocsTestExecutionListener@79f9fc16, org.springframework.boot.test.autoconfigure.web.servlet.WebDriverTestExecutionListener@114d9b3, org.springframework.boot.test.mock.mockito.MockitoTestExecutionListener@1ddeb72, org.springframework.boot.test.mock.mockito.ResetMocksTestExecutionListener@4ce5caf6, org.springframework.boot.test.autoconfigure.web.servlet.MockMvcPrintOnlyOnFailureTestExecutionListener@7aca8630]
13:55:39.009 [Test worker] DEBUG org.springframework.test.context.support.AbstractDirtiesContextTestExecutionListener - Before test class: context [DefaultTestContext@58f43339 testClass = MessageControllerSpec, testInstance = [null], testMethod = [null], testException = [null], mergedContextConfiguration = [WebMergedContextConfiguration@6f4e2bdd testClass = MessageControllerSpec, locations = '{}', classes = '{class com.phg.minitron.MinitronApplication, class com.phg.minitron.MinitronApplication}', contextInitializerClasses = '[]', activeProfiles = '{}', propertySourceLocations = '{}', propertySourceProperties = '{org.springframework.boot.test.context.SpringBootTestContextBootstrapper=true, server.port=0}', contextCustomizers = set[org.springframework.boot.test.context.SpringBootTestContextCustomizer@ef7a86e, org.springframework.boot.test.context.filter.ExcludeFilterContextCustomizer@43ce22f4, org.springframework.boot.test.mock.mockito.MockitoContextCustomizer@0, org.springframework.boot.test.autoconfigure.properties.PropertyMappingContextCustomizer@0, org.springframework.boot.test.autoconfigure.web.servlet.WebDriverContextCustomizerFactory$Customizer@24dc176e], resourceBasePath = 'src/main/webapp', contextLoader = 'org.springframework.boot.test.context.SpringBootContextLoader', parent = [null]]], class annotated with @DirtiesContext [false] with mode [null].
13:55:39.011 [Test worker] DEBUG org.springframework.test.context.support.DependencyInjectionTestExecutionListener - Performing dependency injection for test context [[DefaultTestContext@58f43339 testClass = MessageControllerSpec, testInstance = com.phg.minitron.com.phg.minitron.controller.MessageControllerSpec@1dd04b05, testMethod = [null], testException = [null], mergedContextConfiguration = [WebMergedContextConfiguration@6f4e2bdd testClass = MessageControllerSpec, locations = '{}', classes = '{class com.phg.minitron.MinitronApplication, class com.phg.minitron.MinitronApplication}', contextInitializerClasses = '[]', activeProfiles = '{}', propertySourceLocations = '{}', propertySourceProperties = '{org.springframework.boot.test.context.SpringBootTestContextBootstrapper=true, server.port=0}', contextCustomizers = set[org.springframework.boot.test.context.SpringBootTestContextCustomizer@ef7a86e, org.springframework.boot.test.context.filter.ExcludeFilterContextCustomizer@43ce22f4, org.springframework.boot.test.mock.mockito.MockitoContextCustomizer@0, org.springframework.boot.test.autoconfigure.properties.PropertyMappingContextCustomizer@0, org.springframework.boot.test.autoconfigure.web.servlet.WebDriverContextCustomizerFactory$Customizer@24dc176e], resourceBasePath = 'src/main/webapp', contextLoader = 'org.springframework.boot.test.context.SpringBootContextLoader', parent = [null]]]].
13:55:39.053 [Test worker] DEBUG org.springframework.core.env.StandardEnvironment - Adding [systemProperties] PropertySource with lowest search precedence
13:55:39.054 [Test worker] DEBUG org.springframework.core.env.StandardEnvironment - Adding [systemEnvironment] PropertySource with lowest search precedence
13:55:39.054 [Test worker] DEBUG org.springframework.core.env.StandardEnvironment - Initialized StandardEnvironment with PropertySources [systemProperties,systemEnvironment]
13:55:39.055 [Test worker] DEBUG org.springframework.test.context.support.TestPropertySourceUtils - Adding inlined properties to environment: {spring.jmx.enabled=false, org.springframework.boot.test.context.SpringBootTestContextBootstrapper=true, server.port=0}
13:55:39.055 [Test worker] DEBUG org.springframework.core.env.StandardEnvironment - Adding [Inlined Test Properties] PropertySource with highest search precedence

  .   ____          _            __ _ _
 /\\ / ___'_ __ _ _(_)_ __  __ _ \ \ \ \
( ( )\___ | '_ | '_| | '_ \/ _` | \ \ \ \
 \\/  ___)| |_)| | | | | || (_| |  ) ) ) )
  '  |____| .__|_| |_|_| |_\__, | / / / /
 =========|_|==============|___/=/_/_/_/
 :: Spring Boot ::        (v1.4.4.RELEASE)

2017-03-02 13:55:49.355  INFO 27014 --- [    Test worker] c.p.m.c.p.m.c.MessageControllerSpec      : Starting MessageControllerSpec on Miles-2015-Mac-Book-Pro.local with PID 27014 (/Users/milesporter/minitron/build/classes/test started by milesporter in /Users/milesporter/minitron)
2017-03-02 13:55:49.356  INFO 27014 --- [    Test worker] c.p.m.c.p.m.c.MessageControllerSpec      : No active profile set, falling back to default profiles: default
2017-03-02 13:55:49.379  INFO 27014 --- [    Test worker] ationConfigEmbeddedWebApplicationContext : Refreshing org.springframework.boot.context.embedded.AnnotationConfigEmbeddedWebApplicationContext@7a556f6c: startup date [Thu Mar 02 13:55:49 CST 2017]; root of context hierarchy
2017-03-02 13:55:49.705  INFO 27014 --- [    Test worker] o.s.core.annotation.AnnotationUtils      : Failed to introspect annotations on [class org.springframework.boot.actuate.autoconfigure.EndpointWebMvcHypermediaManagementContextConfiguration]: java.lang.ArrayStoreException: sun.reflect.annotation.TypeNotPresentExceptionProxy
2017-03-02 13:55:49.705  INFO 27014 --- [    Test worker] o.s.core.annotation.AnnotationUtils      : Failed to introspect annotations on [class org.springframework.boot.actuate.autoconfigure.EndpointWebMvcHypermediaManagementContextConfiguration]: java.lang.ArrayStoreException: sun.reflect.annotation.TypeNotPresentExceptionProxy
2017-03-02 13:55:50.113  INFO 27014 --- [    Test worker] trationDelegate$BeanPostProcessorChecker : Bean 'org.springframework.ws.config.annotation.DelegatingWsConfiguration' of type [class org.springframework.ws.config.annotation.DelegatingWsConfiguration$$EnhancerBySpringCGLIB$$450b62be] is not eligible for getting processed by all BeanPostProcessors (for example: not eligible for auto-proxying)
2017-03-02 13:55:50.135  INFO 27014 --- [    Test worker] .w.s.a.s.AnnotationActionEndpointMapping : Supporting [WS-Addressing August 2004, WS-Addressing 1.0]
2017-03-02 13:55:50.377  INFO 27014 --- [    Test worker] s.b.c.e.t.TomcatEmbeddedServletContainer : Tomcat initialized with port(s): 0 (http)
2017-03-02 13:55:50.386  INFO 27014 --- [    Test worker] o.apache.catalina.core.StandardService   : Starting service Tomcat
2017-03-02 13:55:50.387  INFO 27014 --- [    Test worker] org.apache.catalina.core.StandardEngine  : Starting Servlet Engine: Apache Tomcat/8.5.11
2017-03-02 13:55:50.450  INFO 27014 --- [ost-startStop-1] o.a.c.c.C.[Tomcat].[localhost].[/]       : Initializing Spring embedded WebApplicationContext
2017-03-02 13:55:50.451  INFO 27014 --- [ost-startStop-1] o.s.web.context.ContextLoader            : Root WebApplicationContext: initialization completed in 1074 ms
2017-03-02 13:55:50.627  INFO 27014 --- [ost-startStop-1] o.s.b.w.servlet.ServletRegistrationBean  : Mapping servlet: 'dispatcherServlet' to [/]
2017-03-02 13:55:50.628  INFO 27014 --- [ost-startStop-1] o.s.b.w.servlet.ServletRegistrationBean  : Mapping servlet: 'messageDispatcherServlet' to [/services/*]
2017-03-02 13:55:50.630  INFO 27014 --- [ost-startStop-1] o.s.b.w.servlet.FilterRegistrationBean   : Mapping filter: 'metricsFilter' to: [/*]
2017-03-02 13:55:50.630  INFO 27014 --- [ost-startStop-1] o.s.b.w.servlet.FilterRegistrationBean   : Mapping filter: 'characterEncodingFilter' to: [/*]
2017-03-02 13:55:50.630  INFO 27014 --- [ost-startStop-1] o.s.b.w.servlet.FilterRegistrationBean   : Mapping filter: 'hiddenHttpMethodFilter' to: [/*]
2017-03-02 13:55:50.630  INFO 27014 --- [ost-startStop-1] o.s.b.w.servlet.FilterRegistrationBean   : Mapping filter: 'httpPutFormContentFilter' to: [/*]
2017-03-02 13:55:50.630  INFO 27014 --- [ost-startStop-1] o.s.b.w.servlet.FilterRegistrationBean   : Mapping filter: 'requestContextFilter' to: [/*]
2017-03-02 13:55:50.631  INFO 27014 --- [ost-startStop-1] o.s.b.w.servlet.FilterRegistrationBean   : Mapping filter: 'webRequestLoggingFilter' to: [/*]
2017-03-02 13:55:50.631  INFO 27014 --- [ost-startStop-1] o.s.b.w.servlet.FilterRegistrationBean   : Mapping filter: 'applicationContextIdFilter' to: [/*]
2017-03-02 13:55:51.052  INFO 27014 --- [    Test worker] s.w.s.m.m.a.RequestMappingHandlerAdapter : Looking for @ControllerAdvice: org.springframework.boot.context.embedded.AnnotationConfigEmbeddedWebApplicationContext@7a556f6c: startup date [Thu Mar 02 13:55:49 CST 2017]; root of context hierarchy
2017-03-02 13:55:51.093  INFO 27014 --- [    Test worker] s.w.s.m.m.a.RequestMappingHandlerMapping : Mapped "{[/message/{device}/{channel}],methods=[POST]}" onto public org.springframework.http.ResponseEntity<java.lang.String> com.phg.minitron.controller.MessageController.getMessage(int,int,java.lang.String)
2017-03-02 13:55:51.093  INFO 27014 --- [    Test worker] s.w.s.m.m.a.RequestMappingHandlerMapping : Mapped "{[/message/{device}/{channel}],methods=[GET]}" onto public java.lang.String com.phg.minitron.controller.MessageController.getMessage(int,int)
2017-03-02 13:55:51.094  INFO 27014 --- [    Test worker] s.w.s.m.m.a.RequestMappingHandlerMapping : Mapped "{[/message/health],methods=[GET]}" onto public org.springframework.http.ResponseEntity<java.lang.String> com.phg.minitron.controller.MessageController.getHealth()
2017-03-02 13:55:51.095  INFO 27014 --- [    Test worker] s.w.s.m.m.a.RequestMappingHandlerMapping : Mapped "{[/error]}" onto public org.springframework.http.ResponseEntity<java.util.Map<java.lang.String, java.lang.Object>> org.springframework.boot.autoconfigure.web.BasicErrorController.error(javax.servlet.http.HttpServletRequest)
2017-03-02 13:55:51.095  INFO 27014 --- [    Test worker] s.w.s.m.m.a.RequestMappingHandlerMapping : Mapped "{[/error],produces=[text/html]}" onto public org.springframework.web.servlet.ModelAndView org.springframework.boot.autoconfigure.web.BasicErrorController.errorHtml(javax.servlet.http.HttpServletRequest,javax.servlet.http.HttpServletResponse)
2017-03-02 13:55:51.117  INFO 27014 --- [    Test worker] o.s.w.s.handler.SimpleUrlHandlerMapping  : Mapped URL path [/webjars/**] onto handler of type [class org.springframework.web.servlet.resource.ResourceHttpRequestHandler]
2017-03-02 13:55:51.117  INFO 27014 --- [    Test worker] o.s.w.s.handler.SimpleUrlHandlerMapping  : Mapped URL path [/**] onto handler of type [class org.springframework.web.servlet.resource.ResourceHttpRequestHandler]
2017-03-02 13:55:51.143  INFO 27014 --- [    Test worker] o.s.w.s.handler.SimpleUrlHandlerMapping  : Mapped URL path [/**/favicon.ico] onto handler of type [class org.springframework.web.servlet.resource.ResourceHttpRequestHandler]
2017-03-02 13:55:51.170  INFO 27014 --- [    Test worker] oConfiguration$WelcomePageHandlerMapping : Adding welcome page: class path resource [static/index.html]
2017-03-02 13:55:51.315  INFO 27014 --- [    Test worker] o.s.b.a.e.mvc.EndpointHandlerMapping     : Mapped "{[/env/{name:.*}],methods=[GET],produces=[application/json]}" onto public java.lang.Object org.springframework.boot.actuate.endpoint.mvc.EnvironmentMvcEndpoint.value(java.lang.String)
2017-03-02 13:55:51.316  INFO 27014 --- [    Test worker] o.s.b.a.e.mvc.EndpointHandlerMapping     : Mapped "{[/env || /env.json],methods=[GET],produces=[application/json]}" onto public java.lang.Object org.springframework.boot.actuate.endpoint.mvc.EndpointMvcAdapter.invoke()
2017-03-02 13:55:51.316  INFO 27014 --- [    Test worker] o.s.b.a.e.mvc.EndpointHandlerMapping     : Mapped "{[/autoconfig || /autoconfig.json],methods=[GET],produces=[application/json]}" onto public java.lang.Object org.springframework.boot.actuate.endpoint.mvc.EndpointMvcAdapter.invoke()
2017-03-02 13:55:51.317  INFO 27014 --- [    Test worker] o.s.b.a.e.mvc.EndpointHandlerMapping     : Mapped "{[/heapdump || /heapdump.json],methods=[GET],produces=[application/octet-stream]}" onto public void org.springframework.boot.actuate.endpoint.mvc.HeapdumpMvcEndpoint.invoke(boolean,javax.servlet.http.HttpServletRequest,javax.servlet.http.HttpServletResponse) throws java.io.IOException,javax.servlet.ServletException
2017-03-02 13:55:51.318  INFO 27014 --- [    Test worker] o.s.b.a.e.mvc.EndpointHandlerMapping     : Mapped "{[/info || /info.json],methods=[GET],produces=[application/json]}" onto public java.lang.Object org.springframework.boot.actuate.endpoint.mvc.EndpointMvcAdapter.invoke()
2017-03-02 13:55:51.318  INFO 27014 --- [    Test worker] o.s.b.a.e.mvc.EndpointHandlerMapping     : Mapped "{[/mappings || /mappings.json],methods=[GET],produces=[application/json]}" onto public java.lang.Object org.springframework.boot.actuate.endpoint.mvc.EndpointMvcAdapter.invoke()
2017-03-02 13:55:51.319  INFO 27014 --- [    Test worker] o.s.b.a.e.mvc.EndpointHandlerMapping     : Mapped "{[/metrics/{name:.*}],methods=[GET],produces=[application/json]}" onto public java.lang.Object org.springframework.boot.actuate.endpoint.mvc.MetricsMvcEndpoint.value(java.lang.String)
2017-03-02 13:55:51.319  INFO 27014 --- [    Test worker] o.s.b.a.e.mvc.EndpointHandlerMapping     : Mapped "{[/metrics || /metrics.json],methods=[GET],produces=[application/json]}" onto public java.lang.Object org.springframework.boot.actuate.endpoint.mvc.EndpointMvcAdapter.invoke()
2017-03-02 13:55:51.321  INFO 27014 --- [    Test worker] o.s.b.a.e.mvc.EndpointHandlerMapping     : Mapped "{[/trace || /trace.json],methods=[GET],produces=[application/json]}" onto public java.lang.Object org.springframework.boot.actuate.endpoint.mvc.EndpointMvcAdapter.invoke()
2017-03-02 13:55:51.323  INFO 27014 --- [    Test worker] o.s.b.a.e.mvc.EndpointHandlerMapping     : Mapped "{[/dump || /dump.json],methods=[GET],produces=[application/json]}" onto public java.lang.Object org.springframework.boot.actuate.endpoint.mvc.EndpointMvcAdapter.invoke()
2017-03-02 13:55:51.324  INFO 27014 --- [    Test worker] o.s.b.a.e.mvc.EndpointHandlerMapping     : Mapped "{[/beans || /beans.json],methods=[GET],produces=[application/json]}" onto public java.lang.Object org.springframework.boot.actuate.endpoint.mvc.EndpointMvcAdapter.invoke()
2017-03-02 13:55:51.324  INFO 27014 --- [    Test worker] o.s.b.a.e.mvc.EndpointHandlerMapping     : Mapped "{[/configprops || /configprops.json],methods=[GET],produces=[application/json]}" onto public java.lang.Object org.springframework.boot.actuate.endpoint.mvc.EndpointMvcAdapter.invoke()
2017-03-02 13:55:51.325  INFO 27014 --- [    Test worker] o.s.b.a.e.mvc.EndpointHandlerMapping     : Mapped "{[/health || /health.json],produces=[application/json]}" onto public java.lang.Object org.springframework.boot.actuate.endpoint.mvc.HealthMvcEndpoint.invoke(java.security.Principal)
2017-03-02 13:55:51.541  WARN 27014 --- [    Test worker] arterDeprecationWarningAutoConfiguration : spring-boot-starter-ws is deprecated as of Spring Boot 1.4, please migrate to spring-boot-starter-web-services
2017-03-02 13:55:51.647  INFO 27014 --- [    Test worker] s.b.c.e.t.TomcatEmbeddedServletContainer : Tomcat started on port(s): 65191 (http)
2017-03-02 13:55:51.651  INFO 27014 --- [    Test worker] c.p.m.c.p.m.c.MessageControllerSpec      : Started MessageControllerSpec in 12.593 seconds (JVM running for 13.436)
2017-03-02 13:55:51.793  INFO 27014 --- [o-auto-1-exec-1] o.a.c.c.C.[Tomcat].[localhost].[/]       : Initializing Spring FrameworkServlet 'dispatcherServlet'
2017-03-02 13:55:51.793  INFO 27014 --- [o-auto-1-exec-1] o.s.web.servlet.DispatcherServlet        : FrameworkServlet 'dispatcherServlet': initialization started
2017-03-02 13:55:51.802  INFO 27014 --- [o-auto-1-exec-1] o.s.web.servlet.DispatcherServlet        : FrameworkServlet 'dispatcherServlet': initialization completed in 9 ms
]]></system-out>
  <system-err><![CDATA[]]></system-err>
</testsuite>
